2024-04-22 15:59:38,602 [INFO] com.gmkr.cafe.CafeManagementSystemApplicationTests [main] Starting CafeManagementSystemApplicationTests using Java 17.0.4.1 on IN-5CD92562BR with PID 60784 (started by mgali8 in C:\Users\mgali8\Documents\workspace-spring-tool-suite-4-4.16.1.RELEASE-micro-services\cafe_management_system)
2024-04-22 15:59:38,613 [INFO] com.gmkr.cafe.CafeManagementSystemApplicationTests [main] No active profile set, falling back to 1 default profile: "default"
2024-04-22 15:59:40,577 [INFO] org.springframework.data.repository.config.RepositoryConfigurationDelegate [main] Bootstrapping Spring Data JPA repositories in DEFAULT mode.
2024-04-22 15:59:40,872 [INFO] org.springframework.data.repository.config.RepositoryConfigurationDelegate [main] Finished Spring Data repository scanning in 279 ms. Found 4 JPA repository interfaces.
2024-04-22 15:59:42,255 [INFO] org.hibernate.jpa.internal.util.LogHelper [main] HHH000204: Processing PersistenceUnitInfo [name: default]
2024-04-22 15:59:42,405 [INFO] org.hibernate.Version [main] HHH000412: Hibernate ORM core version 5.6.9.Final
2024-04-22 15:59:42,794 [INFO] org.hibernate.annotations.common.Version [main] HCANN000001: Hibernate Commons Annotations {5.1.2.Final}
2024-04-22 15:59:43,485 [INFO] com.zaxxer.hikari.HikariDataSource [main] HikariPool-1 - Starting...
2024-04-22 15:59:44,396 [INFO] com.zaxxer.hikari.HikariDataSource [main] HikariPool-1 - Start completed.
2024-04-22 15:59:44,454 [INFO] org.hibernate.dialect.Dialect [main] HHH000400: Using dialect: org.hibernate.dialect.MySQL8Dialect
2024-04-22 15:59:46,231 [INFO] org.hibernate.engine.transaction.jta.platform.internal.JtaPlatformInitiator [main] HHH000490: Using JtaPlatform implementation: [org.hibernate.engine.transaction.jta.platform.internal.NoJtaPlatform]
2024-04-22 15:59:46,549 [INFO] org.springframework.orm.jpa.LocalContainerEntityManagerFactoryBean [main] Initialized JPA EntityManagerFactory for persistence unit 'default'
2024-04-22 15:59:47,056 [WARN] org.springframework.boot.autoconfigure.orm.jpa.JpaBaseConfiguration$JpaWebConfiguration [main] spring.jpa.open-in-view is enabled by default. Therefore, database queries may be performed during view rendering. Explicitly configure spring.jpa.open-in-view to disable this warning
2024-04-22 15:59:48,422 [DEBUG] org.springframework.security.web.access.expression.ExpressionBasedFilterInvocationSecurityMetadataSource [main] Adding web access control expression [permitAll] for Ant [pattern='/user/login']
2024-04-22 15:59:48,425 [DEBUG] org.springframework.security.web.access.expression.ExpressionBasedFilterInvocationSecurityMetadataSource [main] Adding web access control expression [permitAll] for Ant [pattern='/user/signUp']
2024-04-22 15:59:48,426 [DEBUG] org.springframework.security.web.access.expression.ExpressionBasedFilterInvocationSecurityMetadataSource [main] Adding web access control expression [permitAll] for Ant [pattern='/user/forgotPassword']
2024-04-22 15:59:48,426 [DEBUG] org.springframework.security.web.access.expression.ExpressionBasedFilterInvocationSecurityMetadataSource [main] Adding web access control expression [permitAll] for Ant [pattern='/swagger-ui/**']
2024-04-22 15:59:48,427 [DEBUG] org.springframework.security.web.access.expression.ExpressionBasedFilterInvocationSecurityMetadataSource [main] Adding web access control expression [permitAll] for Ant [pattern='/swagger-ui.html']
2024-04-22 15:59:48,427 [DEBUG] org.springframework.security.web.access.expression.ExpressionBasedFilterInvocationSecurityMetadataSource [main] Adding web access control expression [permitAll] for Ant [pattern='/v3/api-docs.yaml']
2024-04-22 15:59:48,427 [DEBUG] org.springframework.security.web.access.expression.ExpressionBasedFilterInvocationSecurityMetadataSource [main] Adding web access control expression [permitAll] for Ant [pattern='/v3/api-docs/**']
2024-04-22 15:59:48,427 [DEBUG] org.springframework.security.web.access.expression.ExpressionBasedFilterInvocationSecurityMetadataSource [main] Adding web access control expression [permitAll] for Ant [pattern='/api/v1/auth/**']
2024-04-22 15:59:48,428 [DEBUG] org.springframework.security.web.access.expression.ExpressionBasedFilterInvocationSecurityMetadataSource [main] Adding web access control expression [authenticated] for any request
2024-04-22 15:59:48,454 [INFO] org.springframework.security.web.DefaultSecurityFilterChain [main] Will secure any request with [org.springframework.security.web.session.DisableEncodeUrlFilter@ef59aee, org.springframework.security.web.context.request.async.WebAsyncManagerIntegrationFilter@779cb140, org.springframework.security.web.context.SecurityContextPersistenceFilter@4dc16fc9, org.springframework.security.web.header.HeaderWriterFilter@3497ecea, org.springframework.web.filter.CorsFilter@45a4587d, org.springframework.security.web.authentication.logout.LogoutFilter@3ec52163, com.gmkr.cafe.jwt.JwtFilter@5b78a946, org.springframework.security.web.savedrequest.RequestCacheAwareFilter@613ba54e, org.springframework.security.web.servletapi.SecurityContextHolderAwareRequestFilter@14b4b25e, org.springframework.security.web.authentication.AnonymousAuthenticationFilter@70a91d72, org.springframework.security.web.session.SessionManagementFilter@33997e07, org.springframework.security.web.access.ExceptionTranslationFilter@21251e43, org.springframework.security.web.access.intercept.FilterSecurityInterceptor@52b7c1d9]
2024-04-22 15:59:48,484 [INFO] com.gmkr.cafe.config.SecurityConfig [main] triggered passwordEncoder { } : 
2024-04-22 15:59:51,036 [INFO] com.gmkr.cafe.CafeManagementSystemApplicationTests [main] Started CafeManagementSystemApplicationTests in 13.205 seconds (JVM running for 16.014)
2024-04-22 15:59:51,777 [INFO] org.springframework.boot.test.context.SpringBootTestContextBootstrapper [main] Neither @ContextConfiguration nor @ContextHierarchy found for test class [com.gmkr.cafe.restImpl.CategoryRestImplTest], using SpringBootContextLoader
2024-04-22 15:59:51,779 [INFO] org.springframework.test.context.support.AbstractContextLoader [main] Could not detect default resource locations for test class [com.gmkr.cafe.restImpl.CategoryRestImplTest]: no resource found for suffixes {-context.xml, Context.groovy}.
2024-04-22 15:59:51,779 [INFO] org.springframework.test.context.support.AnnotationConfigContextLoaderUtils [main] Could not detect default configuration classes for test class [com.gmkr.cafe.restImpl.CategoryRestImplTest]: CategoryRestImplTest does not declare any static, non-private, non-final, nested classes annotated with @Configuration.
2024-04-22 15:59:51,840 [INFO] org.springframework.boot.test.context.SpringBootTestContextBootstrapper [main] Found @SpringBootConfiguration com.gmkr.cafe.CafeManagementSystemApplication for test class com.gmkr.cafe.restImpl.CategoryRestImplTest
2024-04-22 15:59:51,844 [INFO] org.springframework.boot.test.context.SpringBootTestContextBootstrapper [main] Loaded default TestExecutionListener class names from location [META-INF/spring.factories]: [org.springframework.boot.test.mock.mockito.MockitoTestExecutionListener, org.springframework.boot.test.mock.mockito.ResetMocksTestExecutionListener, org.springframework.boot.test.autoconfigure.restdocs.RestDocsTestExecutionListener, org.springframework.boot.test.autoconfigure.web.client.MockRestServiceServerResetTestExecutionListener, org.springframework.boot.test.autoconfigure.web.servlet.MockMvcPrintOnlyOnFailureTestExecutionListener, org.springframework.boot.test.autoconfigure.web.servlet.WebDriverTestExecutionListener, org.springframework.boot.test.autoconfigure.webservices.client.MockWebServiceServerTestExecutionListener, org.springframework.test.context.web.ServletTestExecutionListener, org.springframework.test.context.support.DirtiesContextBeforeModesTestExecutionListener, org.springframework.test.context.event.ApplicationEventsTestExecutionListener, org.springframework.test.context.support.DependencyInjectionTestExecutionListener, org.springframework.test.context.support.DirtiesContextTestExecutionListener, org.springframework.test.context.transaction.TransactionalTestExecutionListener, org.springframework.test.context.jdbc.SqlScriptsTestExecutionListener, org.springframework.test.context.event.EventPublishingTestExecutionListener, org.springframework.security.test.context.support.WithSecurityContextTestExecutionListener, org.springframework.security.test.context.support.ReactorContextTestExecutionListener]
2024-04-22 15:59:51,846 [INFO] org.springframework.boot.test.context.SpringBootTestContextBootstrapper [main] Using TestExecutionListeners: [org.springframework.test.context.web.ServletTestExecutionListener@17d3bf09, org.springframework.test.context.support.DirtiesContextBeforeModesTestExecutionListener@a49995f, org.springframework.test.context.event.ApplicationEventsTestExecutionListener@2cb95c6c, org.springframework.boot.test.mock.mockito.MockitoTestExecutionListener@1484cb57, org.springframework.boot.test.autoconfigure.SpringBootDependencyInjectionTestExecutionListener@1e250539, org.springframework.test.context.support.DirtiesContextTestExecutionListener@5860e4c3, org.springframework.test.context.transaction.TransactionalTestExecutionListener@3edc999f, org.springframework.test.context.jdbc.SqlScriptsTestExecutionListener@cb03360, org.springframework.test.context.event.EventPublishingTestExecutionListener@3a8ae302, org.springframework.security.test.context.support.WithSecurityContextTestExecutionListener@65134e6c, org.springframework.security.test.context.support.ReactorContextTestExecutionListener@3fd93330, org.springframework.boot.test.mock.mockito.ResetMocksTestExecutionListener@32ff3c98, org.springframework.boot.test.autoconfigure.restdocs.RestDocsTestExecutionListener@5f804b36, org.springframework.boot.test.autoconfigure.web.client.MockRestServiceServerResetTestExecutionListener@201f0e84, org.springframework.boot.test.autoconfigure.web.servlet.MockMvcPrintOnlyOnFailureTestExecutionListener@5629e904, org.springframework.boot.test.autoconfigure.web.servlet.WebDriverTestExecutionListener@1d7914a5, org.springframework.boot.test.autoconfigure.webservices.client.MockWebServiceServerTestExecutionListener@40fd25c7]
2024-04-22 15:59:51,899 [INFO] com.gmkr.cafe.restImpl.CategoryRestImplTest [main] Starting CategoryRestImplTest using Java 17.0.4.1 on IN-5CD92562BR with PID 60784 (started by mgali8 in C:\Users\mgali8\Documents\workspace-spring-tool-suite-4-4.16.1.RELEASE-micro-services\cafe_management_system)
2024-04-22 15:59:51,900 [DEBUG] com.gmkr.cafe.restImpl.CategoryRestImplTest [main] Running with Spring Boot v2.7.0, Spring v5.3.20
2024-04-22 15:59:51,901 [INFO] com.gmkr.cafe.restImpl.CategoryRestImplTest [main] No active profile set, falling back to 1 default profile: "default"
2024-04-22 15:59:52,419 [INFO] org.springframework.data.repository.config.RepositoryConfigurationDelegate [main] Bootstrapping Spring Data JPA repositories in DEFAULT mode.
2024-04-22 15:59:52,524 [INFO] org.springframework.data.repository.config.RepositoryConfigurationDelegate [main] Finished Spring Data repository scanning in 104 ms. Found 4 JPA repository interfaces.
2024-04-22 15:59:52,766 [INFO] org.hibernate.jpa.internal.util.LogHelper [main] HHH000204: Processing PersistenceUnitInfo [name: default]
2024-04-22 15:59:52,778 [INFO] com.zaxxer.hikari.HikariDataSource [main] HikariPool-2 - Starting...
2024-04-22 15:59:52,832 [INFO] com.zaxxer.hikari.HikariDataSource [main] HikariPool-2 - Start completed.
2024-04-22 15:59:52,833 [INFO] org.hibernate.dialect.Dialect [main] HHH000400: Using dialect: org.hibernate.dialect.MySQL8Dialect
2024-04-22 15:59:52,972 [INFO] org.hibernate.engine.transaction.jta.platform.internal.JtaPlatformInitiator [main] HHH000490: Using JtaPlatform implementation: [org.hibernate.engine.transaction.jta.platform.internal.NoJtaPlatform]
2024-04-22 15:59:52,994 [INFO] org.springframework.orm.jpa.LocalContainerEntityManagerFactoryBean [main] Initialized JPA EntityManagerFactory for persistence unit 'default'
2024-04-22 15:59:53,142 [WARN] org.springframework.boot.autoconfigure.orm.jpa.JpaBaseConfiguration$JpaWebConfiguration [main] spring.jpa.open-in-view is enabled by default. Therefore, database queries may be performed during view rendering. Explicitly configure spring.jpa.open-in-view to disable this warning
2024-04-22 15:59:53,569 [DEBUG] org.springframework.security.web.access.expression.ExpressionBasedFilterInvocationSecurityMetadataSource [main] Adding web access control expression [permitAll] for Ant [pattern='/user/login']
2024-04-22 15:59:53,570 [DEBUG] org.springframework.security.web.access.expression.ExpressionBasedFilterInvocationSecurityMetadataSource [main] Adding web access control expression [permitAll] for Ant [pattern='/user/signUp']
2024-04-22 15:59:53,570 [DEBUG] org.springframework.security.web.access.expression.ExpressionBasedFilterInvocationSecurityMetadataSource [main] Adding web access control expression [permitAll] for Ant [pattern='/user/forgotPassword']
2024-04-22 15:59:53,571 [DEBUG] org.springframework.security.web.access.expression.ExpressionBasedFilterInvocationSecurityMetadataSource [main] Adding web access control expression [permitAll] for Ant [pattern='/swagger-ui/**']
2024-04-22 15:59:53,571 [DEBUG] org.springframework.security.web.access.expression.ExpressionBasedFilterInvocationSecurityMetadataSource [main] Adding web access control expression [permitAll] for Ant [pattern='/swagger-ui.html']
2024-04-22 15:59:53,571 [DEBUG] org.springframework.security.web.access.expression.ExpressionBasedFilterInvocationSecurityMetadataSource [main] Adding web access control expression [permitAll] for Ant [pattern='/v3/api-docs.yaml']
2024-04-22 15:59:53,572 [DEBUG] org.springframework.security.web.access.expression.ExpressionBasedFilterInvocationSecurityMetadataSource [main] Adding web access control expression [permitAll] for Ant [pattern='/v3/api-docs/**']
2024-04-22 15:59:53,572 [DEBUG] org.springframework.security.web.access.expression.ExpressionBasedFilterInvocationSecurityMetadataSource [main] Adding web access control expression [permitAll] for Ant [pattern='/api/v1/auth/**']
2024-04-22 15:59:53,572 [DEBUG] org.springframework.security.web.access.expression.ExpressionBasedFilterInvocationSecurityMetadataSource [main] Adding web access control expression [authenticated] for any request
2024-04-22 15:59:53,585 [INFO] org.springframework.security.web.DefaultSecurityFilterChain [main] Will secure any request with [org.springframework.security.web.session.DisableEncodeUrlFilter@1b6824c1, org.springframework.security.web.context.request.async.WebAsyncManagerIntegrationFilter@3118ed2c, org.springframework.security.web.context.SecurityContextPersistenceFilter@4b7ab262, org.springframework.security.web.header.HeaderWriterFilter@685a3c14, org.springframework.web.filter.CorsFilter@5bc150e9, org.springframework.security.web.authentication.logout.LogoutFilter@323fa578, com.gmkr.cafe.jwt.JwtFilter@57f076bd, org.springframework.security.web.savedrequest.RequestCacheAwareFilter@f7a19c4, org.springframework.security.web.servletapi.SecurityContextHolderAwareRequestFilter@36f93ea3, org.springframework.security.web.authentication.AnonymousAuthenticationFilter@28fa0ff8, org.springframework.security.web.session.SessionManagementFilter@4c2ad035, org.springframework.security.web.access.ExceptionTranslationFilter@68b59e2f, org.springframework.security.web.access.intercept.FilterSecurityInterceptor@a6f34f5]
2024-04-22 15:59:53,600 [INFO] com.gmkr.cafe.config.SecurityConfig [main] triggered passwordEncoder { } : 
2024-04-22 15:59:54,858 [INFO] org.springframework.boot.test.mock.web.SpringBootMockServletContext [main] Initializing Spring TestDispatcherServlet ''
2024-04-22 15:59:54,858 [INFO] org.springframework.test.web.servlet.TestDispatcherServlet [main] Initializing Servlet ''
2024-04-22 15:59:54,860 [INFO] org.springframework.test.web.servlet.TestDispatcherServlet [main] Completed initialization in 1 ms
2024-04-22 15:59:54,876 [INFO] com.gmkr.cafe.restImpl.CategoryRestImplTest [main] Started CategoryRestImplTest in 3.026 seconds (JVM running for 19.855)
2024-04-22 15:59:55,029 [DEBUG] org.springframework.security.web.FilterChainProxy [main] Securing GET /category/get
2024-04-22 15:59:55,035 [DEBUG] org.springframework.security.web.context.SecurityContextPersistenceFilter [main] Set SecurityContextHolder to empty SecurityContext
2024-04-22 15:59:55,043 [INFO] com.gmkr.cafe.jwt.JwtFilter [main] inside doFilterInternal {}  org.springframework.security.web.header.HeaderWriterFilter$HeaderWriterRequest@7aafac17
2024-04-22 15:59:55,069 [INFO] com.gmkr.cafe.jwt.CustomerUserDetailsService [main] Inside loadUserByUsername mallireddy1999916@gmail.com 
2024-04-22 15:59:55,172 [DEBUG] org.springframework.security.web.access.intercept.FilterSecurityInterceptor [main] Authorized filter invocation [GET /category/get] with attributes [authenticated]
2024-04-22 15:59:55,173 [DEBUG] org.springframework.security.web.FilterChainProxy [main] Secured GET /category/get
2024-04-22 15:59:55,247 [DEBUG] org.springframework.security.web.context.SecurityContextPersistenceFilter [main] Cleared SecurityContextHolder to complete request
2024-04-22 15:59:55,273 [DEBUG] org.springframework.security.web.FilterChainProxy [main] Securing POST /category/add
2024-04-22 15:59:55,274 [DEBUG] org.springframework.security.web.context.SecurityContextPersistenceFilter [main] Set SecurityContextHolder to empty SecurityContext
2024-04-22 15:59:55,274 [INFO] com.gmkr.cafe.jwt.JwtFilter [main] inside doFilterInternal {}  org.springframework.security.web.header.HeaderWriterFilter$HeaderWriterRequest@6114ed6f
2024-04-22 15:59:55,276 [INFO] com.gmkr.cafe.jwt.CustomerUserDetailsService [main] Inside loadUserByUsername mallireddy1999916@gmail.com 
2024-04-22 15:59:55,284 [DEBUG] org.springframework.security.web.access.intercept.FilterSecurityInterceptor [main] Authorized filter invocation [POST /category/add] with attributes [authenticated]
2024-04-22 15:59:55,284 [DEBUG] org.springframework.security.web.FilterChainProxy [main] Secured POST /category/add
2024-04-22 15:59:55,304 [ERROR] com.gmkr.cafe.restImpl.CategoryRestImpl [main] addNewCategory entered {} 
2024-04-22 15:59:55,309 [DEBUG] org.springframework.security.web.context.SecurityContextPersistenceFilter [main] Cleared SecurityContextHolder to complete request
2024-04-22 15:59:55,318 [DEBUG] org.springframework.security.web.FilterChainProxy [main] Securing GET /category/get
2024-04-22 15:59:55,319 [DEBUG] org.springframework.security.web.context.SecurityContextPersistenceFilter [main] Set SecurityContextHolder to empty SecurityContext
2024-04-22 15:59:55,319 [INFO] com.gmkr.cafe.jwt.JwtFilter [main] inside doFilterInternal {}  org.springframework.security.web.header.HeaderWriterFilter$HeaderWriterRequest@5f2312f3
2024-04-22 15:59:55,321 [INFO] com.gmkr.cafe.jwt.CustomerUserDetailsService [main] Inside loadUserByUsername mallireddy1999916@gmail.com 
2024-04-22 15:59:55,327 [DEBUG] org.springframework.security.web.access.intercept.FilterSecurityInterceptor [main] Authorized filter invocation [GET /category/get] with attributes [authenticated]
2024-04-22 15:59:55,328 [DEBUG] org.springframework.security.web.FilterChainProxy [main] Secured GET /category/get
2024-04-22 15:59:55,355 [DEBUG] org.springframework.security.web.context.SecurityContextPersistenceFilter [main] Cleared SecurityContextHolder to complete request
2024-04-22 15:59:55,444 [DEBUG] org.springframework.security.web.FilterChainProxy [main] Securing POST /category/update
2024-04-22 15:59:55,445 [DEBUG] org.springframework.security.web.context.SecurityContextPersistenceFilter [main] Set SecurityContextHolder to empty SecurityContext
2024-04-22 15:59:55,445 [INFO] com.gmkr.cafe.jwt.JwtFilter [main] inside doFilterInternal {}  org.springframework.security.web.header.HeaderWriterFilter$HeaderWriterRequest@771c4015
2024-04-22 15:59:55,447 [INFO] com.gmkr.cafe.jwt.CustomerUserDetailsService [main] Inside loadUserByUsername mallireddy1999916@gmail.com 
2024-04-22 15:59:55,453 [DEBUG] org.springframework.security.web.access.intercept.FilterSecurityInterceptor [main] Authorized filter invocation [POST /category/update] with attributes [authenticated]
2024-04-22 15:59:55,453 [DEBUG] org.springframework.security.web.FilterChainProxy [main] Secured POST /category/update
2024-04-22 15:59:55,456 [DEBUG] org.springframework.security.web.context.SecurityContextPersistenceFilter [main] Cleared SecurityContextHolder to complete request
2024-04-22 15:59:55,465 [DEBUG] org.springframework.security.web.FilterChainProxy [main] Securing POST /category/add
2024-04-22 15:59:55,466 [DEBUG] org.springframework.security.web.context.SecurityContextPersistenceFilter [main] Set SecurityContextHolder to empty SecurityContext
2024-04-22 15:59:55,466 [INFO] com.gmkr.cafe.jwt.JwtFilter [main] inside doFilterInternal {}  org.springframework.security.web.header.HeaderWriterFilter$HeaderWriterRequest@7d3a9061
2024-04-22 15:59:55,468 [INFO] com.gmkr.cafe.jwt.CustomerUserDetailsService [main] Inside loadUserByUsername mallireddy1999916@gmail.com 
2024-04-22 15:59:55,474 [DEBUG] org.springframework.security.web.access.intercept.FilterSecurityInterceptor [main] Authorized filter invocation [POST /category/add] with attributes [authenticated]
2024-04-22 15:59:55,474 [DEBUG] org.springframework.security.web.FilterChainProxy [main] Secured POST /category/add
2024-04-22 15:59:55,475 [ERROR] com.gmkr.cafe.restImpl.CategoryRestImpl [main] addNewCategory entered {} 
2024-04-22 15:59:55,477 [DEBUG] org.springframework.security.web.context.SecurityContextPersistenceFilter [main] Cleared SecurityContextHolder to complete request
2024-04-22 15:59:55,489 [DEBUG] org.springframework.security.web.FilterChainProxy [main] Securing POST /category/update
2024-04-22 15:59:55,489 [DEBUG] org.springframework.security.web.context.SecurityContextPersistenceFilter [main] Set SecurityContextHolder to empty SecurityContext
2024-04-22 15:59:55,490 [INFO] com.gmkr.cafe.jwt.JwtFilter [main] inside doFilterInternal {}  org.springframework.security.web.header.HeaderWriterFilter$HeaderWriterRequest@34989ceb
2024-04-22 15:59:55,492 [INFO] com.gmkr.cafe.jwt.CustomerUserDetailsService [main] Inside loadUserByUsername mallireddy1999916@gmail.com 
2024-04-22 15:59:55,498 [DEBUG] org.springframework.security.web.access.intercept.FilterSecurityInterceptor [main] Authorized filter invocation [POST /category/update] with attributes [authenticated]
2024-04-22 15:59:55,498 [DEBUG] org.springframework.security.web.FilterChainProxy [main] Secured POST /category/update
2024-04-22 15:59:55,501 [DEBUG] org.springframework.security.web.context.SecurityContextPersistenceFilter [main] Cleared SecurityContextHolder to complete request
2024-04-22 15:59:55,603 [INFO] com.gmkr.cafe.serviceImpl.CategoryServiceImple [main] CategoryServiceImple : addNewCategory {}
2024-04-22 15:59:55,619 [INFO] com.gmkr.cafe.serviceImpl.CategoryServiceImple [main] inside if { ------- }
2024-04-22 15:59:55,640 [INFO] com.gmkr.cafe.serviceImpl.CategoryServiceImple [main] CategoryServiceImple : addNewCategory {}
2024-04-22 15:59:55,645 [INFO] com.gmkr.cafe.serviceImpl.CategoryServiceImple [main] inside if { ------- }
2024-04-22 15:59:55,681 [INFO] org.springframework.orm.jpa.LocalContainerEntityManagerFactoryBean [SpringApplicationShutdownHook] Closing JPA EntityManagerFactory for persistence unit 'default'
2024-04-22 15:59:55,684 [INFO] com.zaxxer.hikari.HikariDataSource [SpringApplicationShutdownHook] HikariPool-1 - Shutdown initiated...
2024-04-22 15:59:55,716 [INFO] com.zaxxer.hikari.HikariDataSource [SpringApplicationShutdownHook] HikariPool-1 - Shutdown completed.
2024-04-22 15:59:55,724 [INFO] org.springframework.orm.jpa.LocalContainerEntityManagerFactoryBean [SpringApplicationShutdownHook] Closing JPA EntityManagerFactory for persistence unit 'default'
2024-04-22 15:59:55,725 [INFO] com.zaxxer.hikari.HikariDataSource [SpringApplicationShutdownHook] HikariPool-2 - Shutdown initiated...
2024-04-22 15:59:55,744 [INFO] com.zaxxer.hikari.HikariDataSource [SpringApplicationShutdownHook] HikariPool-2 - Shutdown completed.
